mode: set
github.com/sonichigo/gitstats/main.go:10.13,15.59 4 0
github.com/sonichigo/gitstats/main.go:15.59,17.3 1 0
github.com/sonichigo/gitstats/routes/routes.go:9.20,26.2 11 0
github.com/sonichigo/gitstats/handlers/api.go:14.62,15.32 1 0
github.com/sonichigo/gitstats/handlers/api.go:15.32,18.3 2 0
github.com/sonichigo/gitstats/handlers/api.go:20.2,21.19 2 0
github.com/sonichigo/gitstats/handlers/api.go:21.19,24.3 2 0
github.com/sonichigo/gitstats/handlers/api.go:26.2,27.16 2 0
github.com/sonichigo/gitstats/handlers/api.go:27.16,30.3 2 0
github.com/sonichigo/gitstats/handlers/api.go:33.2,35.22 3 0
github.com/sonichigo/gitstats/handlers/api.go:35.22,39.3 3 0
github.com/sonichigo/gitstats/handlers/api.go:41.2,42.16 2 0
github.com/sonichigo/gitstats/handlers/api.go:42.16,45.3 2 0
github.com/sonichigo/gitstats/handlers/api.go:47.2,51.34 4 0
github.com/sonichigo/gitstats/handlers/api.go:53.64,54.32 1 0
github.com/sonichigo/gitstats/handlers/api.go:54.32,57.3 2 0
github.com/sonichigo/gitstats/handlers/api.go:60.2,61.21 2 0
github.com/sonichigo/gitstats/handlers/api.go:61.21,64.3 2 0
github.com/sonichigo/gitstats/handlers/api.go:67.2,69.22 3 0
github.com/sonichigo/gitstats/handlers/api.go:69.22,73.3 3 0
github.com/sonichigo/gitstats/handlers/api.go:76.2,80.32 2 0
github.com/sonichigo/gitstats/handlers/api.go:80.32,82.17 2 0
github.com/sonichigo/gitstats/handlers/api.go:82.17,85.4 2 0
github.com/sonichigo/gitstats/handlers/api.go:87.3,88.17 2 0
github.com/sonichigo/gitstats/handlers/api.go:88.17,91.4 2 0
github.com/sonichigo/gitstats/handlers/api.go:93.3,93.62 1 0
github.com/sonichigo/gitstats/handlers/api.go:96.2,97.35 2 0
github.com/sonichigo/gitstats/handlers/api.go:99.68,100.32 1 0
github.com/sonichigo/gitstats/handlers/api.go:100.32,103.3 2 0
github.com/sonichigo/gitstats/handlers/api.go:105.2,106.15 2 0
github.com/sonichigo/gitstats/handlers/api.go:106.15,109.3 2 0
github.com/sonichigo/gitstats/handlers/api.go:112.2,114.22 3 0
github.com/sonichigo/gitstats/handlers/api.go:114.22,118.3 3 0
github.com/sonichigo/gitstats/handlers/api.go:120.2,121.16 2 0
github.com/sonichigo/gitstats/handlers/api.go:121.16,124.3 2 0
github.com/sonichigo/gitstats/handlers/api.go:126.2,127.34 2 0
github.com/sonichigo/gitstats/handlers/api.go:130.71,131.32 1 0
github.com/sonichigo/gitstats/handlers/api.go:131.32,134.3 2 0
github.com/sonichigo/gitstats/handlers/api.go:136.2,139.36 3 0
github.com/sonichigo/gitstats/handlers/api.go:139.36,142.3 2 0
github.com/sonichigo/gitstats/handlers/api.go:144.2,147.19 2 0
github.com/sonichigo/gitstats/handlers/api.go:147.19,149.17 2 0
github.com/sonichigo/gitstats/handlers/api.go:149.17,152.4 2 0
github.com/sonichigo/gitstats/handlers/api.go:153.3,154.9 2 0
github.com/sonichigo/gitstats/handlers/api.go:158.2,158.40 1 0
github.com/sonichigo/gitstats/handlers/api.go:161.63,162.32 1 0
github.com/sonichigo/gitstats/handlers/api.go:162.32,165.3 2 0
github.com/sonichigo/gitstats/handlers/api.go:167.2,170.31 3 0
github.com/sonichigo/gitstats/handlers/api.go:170.31,173.3 2 0
github.com/sonichigo/gitstats/handlers/api.go:175.2,176.28 2 0
github.com/sonichigo/gitstats/handlers/api.go:176.28,178.3 1 0
github.com/sonichigo/gitstats/handlers/api.go:181.2,182.17 2 0
github.com/sonichigo/gitstats/handlers/api.go:182.17,185.3 2 0
github.com/sonichigo/gitstats/handlers/api.go:188.2,188.16 1 0
github.com/sonichigo/gitstats/handlers/api.go:188.16,191.3 2 0
github.com/sonichigo/gitstats/handlers/api.go:194.2,202.16 3 0
github.com/sonichigo/gitstats/handlers/api.go:202.16,204.3 1 0
github.com/sonichigo/gitstats/handlers/api.go:204.8,208.3 3 0
github.com/sonichigo/gitstats/handlers/api.go:211.2,211.60 1 0
github.com/sonichigo/gitstats/handlers/static.go:5.58,6.23 1 0
github.com/sonichigo/gitstats/handlers/static.go:6.23,9.3 2 0
github.com/sonichigo/gitstats/handlers/static.go:10.2,10.21 1 0
github.com/sonichigo/gitstats/handlers/static.go:12.60,13.27 1 0
github.com/sonichigo/gitstats/handlers/static.go:13.27,16.3 2 0
github.com/sonichigo/gitstats/handlers/static.go:18.62,19.34 1 0
github.com/sonichigo/gitstats/handlers/static.go:19.34,22.3 2 0
github.com/sonichigo/gitstats/handlers/static.go:24.68,25.35 1 0
github.com/sonichigo/gitstats/handlers/static.go:25.35,28.3 2 0
github.com/sonichigo/gitstats/handlers/static.go:31.68,32.39 1 0
github.com/sonichigo/gitstats/handlers/static.go:32.39,35.3 2 0
github.com/sonichigo/gitstats/handlers/utils.go:17.70,23.43 2 0
github.com/sonichigo/gitstats/handlers/utils.go:23.43,25.3 1 0
github.com/sonichigo/gitstats/handlers/utils.go:27.2,27.35 1 0
github.com/sonichigo/gitstats/handlers/utils.go:27.35,34.40 2 0
github.com/sonichigo/gitstats/handlers/utils.go:34.40,41.4 3 0
github.com/sonichigo/gitstats/handlers/utils.go:43.3,44.56 2 0
github.com/sonichigo/gitstats/handlers/utils.go:47.2,47.14 1 0
github.com/sonichigo/gitstats/handlers/utils.go:50.82,55.6 4 0
github.com/sonichigo/gitstats/handlers/utils.go:55.6,61.17 4 0
github.com/sonichigo/gitstats/handlers/utils.go:61.17,63.4 1 0
github.com/sonichigo/gitstats/handlers/utils.go:66.3,67.48 2 0
github.com/sonichigo/gitstats/handlers/utils.go:67.48,69.4 1 0
github.com/sonichigo/gitstats/handlers/utils.go:71.3,72.17 2 0
github.com/sonichigo/gitstats/handlers/utils.go:72.17,74.4 1 0
github.com/sonichigo/gitstats/handlers/utils.go:77.3,80.46 3 0
github.com/sonichigo/gitstats/handlers/utils.go:80.46,83.4 2 0
github.com/sonichigo/gitstats/handlers/utils.go:85.3,85.39 1 0
github.com/sonichigo/gitstats/handlers/utils.go:85.39,89.4 3 0
github.com/sonichigo/gitstats/handlers/utils.go:91.3,92.70 2 0
github.com/sonichigo/gitstats/handlers/utils.go:92.70,95.4 2 0
github.com/sonichigo/gitstats/handlers/utils.go:96.3,98.25 2 0
github.com/sonichigo/gitstats/handlers/utils.go:98.25,99.9 1 0
github.com/sonichigo/gitstats/handlers/utils.go:102.3,104.30 2 0
github.com/sonichigo/gitstats/handlers/utils.go:104.30,105.9 1 0
github.com/sonichigo/gitstats/handlers/utils.go:108.3,108.9 1 0
github.com/sonichigo/gitstats/handlers/utils.go:111.2,111.25 1 0
github.com/sonichigo/gitstats/handlers/utils.go:115.62,121.35 2 0
github.com/sonichigo/gitstats/handlers/utils.go:121.35,124.24 3 0
github.com/sonichigo/gitstats/handlers/utils.go:124.24,126.4 1 0
github.com/sonichigo/gitstats/handlers/utils.go:129.2,129.60 1 0
github.com/sonichigo/gitstats/handlers/utils.go:131.85,137.6 4 0
github.com/sonichigo/gitstats/handlers/utils.go:137.6,143.17 4 0
github.com/sonichigo/gitstats/handlers/utils.go:143.17,145.4 1 0
github.com/sonichigo/gitstats/handlers/utils.go:148.3,149.48 2 0
github.com/sonichigo/gitstats/handlers/utils.go:149.48,151.4 1 0
github.com/sonichigo/gitstats/handlers/utils.go:153.3,154.17 2 0
github.com/sonichigo/gitstats/handlers/utils.go:154.17,156.4 1 0
github.com/sonichigo/gitstats/handlers/utils.go:158.3,158.46 1 0
github.com/sonichigo/gitstats/handlers/utils.go:158.46,161.4 2 0
github.com/sonichigo/gitstats/handlers/utils.go:163.3,163.39 1 0
github.com/sonichigo/gitstats/handlers/utils.go:163.39,167.4 3 0
github.com/sonichigo/gitstats/handlers/utils.go:170.3,174.72 2 0
github.com/sonichigo/gitstats/handlers/utils.go:174.72,177.4 2 0
github.com/sonichigo/gitstats/handlers/utils.go:178.3,180.27 2 0
github.com/sonichigo/gitstats/handlers/utils.go:180.27,181.9 1 0
github.com/sonichigo/gitstats/handlers/utils.go:185.3,186.33 2 0
github.com/sonichigo/gitstats/handlers/utils.go:186.33,191.4 1 0
github.com/sonichigo/gitstats/handlers/utils.go:193.3,193.32 1 0
github.com/sonichigo/gitstats/handlers/utils.go:193.32,194.9 1 0
github.com/sonichigo/gitstats/handlers/utils.go:197.3,197.9 1 0
github.com/sonichigo/gitstats/handlers/utils.go:201.2,201.42 1 0
github.com/sonichigo/gitstats/handlers/utils.go:201.42,203.3 1 0
github.com/sonichigo/gitstats/handlers/utils.go:205.2,208.8 1 0
github.com/sonichigo/gitstats/handlers/utils.go:211.87,217.6 5 0
github.com/sonichigo/gitstats/handlers/utils.go:217.6,222.17 4 0
github.com/sonichigo/gitstats/handlers/utils.go:222.17,224.4 1 0
github.com/sonichigo/gitstats/handlers/utils.go:226.3,227.48 2 0
github.com/sonichigo/gitstats/handlers/utils.go:227.48,229.4 1 0
github.com/sonichigo/gitstats/handlers/utils.go:231.3,232.17 2 0
github.com/sonichigo/gitstats/handlers/utils.go:232.17,234.4 1 0
github.com/sonichigo/gitstats/handlers/utils.go:236.3,236.39 1 0
github.com/sonichigo/gitstats/handlers/utils.go:236.39,240.4 3 0
github.com/sonichigo/gitstats/handlers/utils.go:242.3,243.67 2 0
github.com/sonichigo/gitstats/handlers/utils.go:243.67,246.4 2 0
github.com/sonichigo/gitstats/handlers/utils.go:247.3,249.22 2 0
github.com/sonichigo/gitstats/handlers/utils.go:249.22,250.9 1 0
github.com/sonichigo/gitstats/handlers/utils.go:253.3,255.30 2 0
github.com/sonichigo/gitstats/handlers/utils.go:255.30,260.18 4 0
github.com/sonichigo/gitstats/handlers/utils.go:260.18,262.5 1 0
github.com/sonichigo/gitstats/handlers/utils.go:264.4,265.49 2 0
github.com/sonichigo/gitstats/handlers/utils.go:265.49,267.5 1 0
github.com/sonichigo/gitstats/handlers/utils.go:269.4,270.18 2 0
github.com/sonichigo/gitstats/handlers/utils.go:270.18,272.5 1 0
github.com/sonichigo/gitstats/handlers/utils.go:274.4,274.54 1 0
github.com/sonichigo/gitstats/handlers/utils.go:274.54,277.13 2 0
github.com/sonichigo/gitstats/handlers/utils.go:280.4,280.47 1 0
github.com/sonichigo/gitstats/handlers/utils.go:280.47,284.5 3 0
github.com/sonichigo/gitstats/handlers/utils.go:286.4,287.82 2 0
github.com/sonichigo/gitstats/handlers/utils.go:287.82,290.5 2 0
github.com/sonichigo/gitstats/handlers/utils.go:291.4,293.45 2 0
github.com/sonichigo/gitstats/handlers/utils.go:293.45,295.5 1 0
github.com/sonichigo/gitstats/handlers/utils.go:298.3,298.9 1 0
github.com/sonichigo/gitstats/handlers/utils.go:301.2,305.8 1 0
github.com/sonichigo/gitstats/handlers/utils.go:308.61,313.6 4 0
github.com/sonichigo/gitstats/handlers/utils.go:313.6,319.17 4 0
github.com/sonichigo/gitstats/handlers/utils.go:319.17,321.4 1 0
github.com/sonichigo/gitstats/handlers/utils.go:323.3,324.17 2 0
github.com/sonichigo/gitstats/handlers/utils.go:324.17,326.4 1 0
github.com/sonichigo/gitstats/handlers/utils.go:328.3,328.39 1 0
github.com/sonichigo/gitstats/handlers/utils.go:328.39,332.4 3 0
github.com/sonichigo/gitstats/handlers/utils.go:334.3,338.72 2 0
github.com/sonichigo/gitstats/handlers/utils.go:338.72,341.4 2 0
github.com/sonichigo/gitstats/handlers/utils.go:342.3,344.27 2 0
github.com/sonichigo/gitstats/handlers/utils.go:344.27,345.9 1 0
github.com/sonichigo/gitstats/handlers/utils.go:348.3,348.37 1 0
github.com/sonichigo/gitstats/handlers/utils.go:348.37,350.4 1 0
github.com/sonichigo/gitstats/handlers/utils.go:352.3,352.32 1 0
github.com/sonichigo/gitstats/handlers/utils.go:352.32,353.9 1 0
github.com/sonichigo/gitstats/handlers/utils.go:356.3,356.9 1 0
github.com/sonichigo/gitstats/handlers/utils.go:359.2,359.21 1 0
github.com/sonichigo/gitstats/handlers/utils.go:371.11,385.6 4 0
github.com/sonichigo/gitstats/handlers/utils.go:385.6,391.17 4 0
github.com/sonichigo/gitstats/handlers/utils.go:391.17,393.4 1 0
github.com/sonichigo/gitstats/handlers/utils.go:395.3,396.48 2 0
github.com/sonichigo/gitstats/handlers/utils.go:396.48,398.4 1 0
github.com/sonichigo/gitstats/handlers/utils.go:400.3,401.17 2 0
github.com/sonichigo/gitstats/handlers/utils.go:401.17,403.4 1 0
github.com/sonichigo/gitstats/handlers/utils.go:405.3,405.39 1 0
github.com/sonichigo/gitstats/handlers/utils.go:405.39,409.4 3 0
github.com/sonichigo/gitstats/handlers/utils.go:411.3,422.69 2 0
github.com/sonichigo/gitstats/handlers/utils.go:422.69,425.4 2 0
github.com/sonichigo/gitstats/handlers/utils.go:426.3,428.24 2 0
github.com/sonichigo/gitstats/handlers/utils.go:428.24,429.9 1 0
github.com/sonichigo/gitstats/handlers/utils.go:432.3,434.29 2 0
github.com/sonichigo/gitstats/handlers/utils.go:434.29,435.9 1 0
github.com/sonichigo/gitstats/handlers/utils.go:438.3,438.9 1 0
github.com/sonichigo/gitstats/handlers/utils.go:441.2,441.24 1 0
github.com/sonichigo/gitstats/handlers/utils.go:444.83,447.16 2 0
github.com/sonichigo/gitstats/handlers/utils.go:447.16,450.3 2 0
github.com/sonichigo/gitstats/handlers/utils.go:453.2,454.16 2 0
github.com/sonichigo/gitstats/handlers/utils.go:454.16,457.3 2 0
github.com/sonichigo/gitstats/handlers/utils.go:459.2,463.29 3 0
github.com/sonichigo/gitstats/handlers/utils.go:463.29,465.17 2 0
github.com/sonichigo/gitstats/handlers/utils.go:465.17,468.12 2 0
github.com/sonichigo/gitstats/handlers/utils.go:471.3,471.56 1 0
github.com/sonichigo/gitstats/handlers/utils.go:474.2,475.35 2 0
github.com/sonichigo/gitstats/handlers/utils.go:478.85,480.16 2 0
github.com/sonichigo/gitstats/handlers/utils.go:480.16,483.3 2 0
github.com/sonichigo/gitstats/handlers/utils.go:485.2,487.16 3 0
github.com/sonichigo/gitstats/handlers/utils.go:487.16,490.3 2 0
github.com/sonichigo/gitstats/handlers/utils.go:492.2,496.35 4 0
github.com/sonichigo/gitstats/handlers/utils.go:501.11,508.6 4 0
github.com/sonichigo/gitstats/handlers/utils.go:508.6,514.17 4 0
github.com/sonichigo/gitstats/handlers/utils.go:514.17,516.4 1 0
github.com/sonichigo/gitstats/handlers/utils.go:518.3,518.48 1 0
github.com/sonichigo/gitstats/handlers/utils.go:518.48,520.4 1 0
github.com/sonichigo/gitstats/handlers/utils.go:522.3,523.17 2 0
github.com/sonichigo/gitstats/handlers/utils.go:523.17,525.4 1 0
github.com/sonichigo/gitstats/handlers/utils.go:527.3,527.39 1 0
github.com/sonichigo/gitstats/handlers/utils.go:527.39,531.4 3 0
github.com/sonichigo/gitstats/handlers/utils.go:533.3,537.67 2 0
github.com/sonichigo/gitstats/handlers/utils.go:537.67,540.4 2 0
github.com/sonichigo/gitstats/handlers/utils.go:541.3,543.22 2 0
github.com/sonichigo/gitstats/handlers/utils.go:543.22,544.9 1 0
github.com/sonichigo/gitstats/handlers/utils.go:547.3,549.27 2 0
github.com/sonichigo/gitstats/handlers/utils.go:549.27,550.9 1 0
github.com/sonichigo/gitstats/handlers/utils.go:553.3,553.9 1 0
github.com/sonichigo/gitstats/handlers/utils.go:556.2,556.22 1 0
github.com/sonichigo/gitstats/handlers/utils.go:568.87,569.33 1 0
github.com/sonichigo/gitstats/handlers/utils.go:569.33,570.32 1 0
github.com/sonichigo/gitstats/handlers/utils.go:570.32,571.12 1 0
github.com/sonichigo/gitstats/handlers/utils.go:574.3,574.69 1 0
github.com/sonichigo/gitstats/handlers/utils.go:574.69,575.12 1 0
github.com/sonichigo/gitstats/handlers/utils.go:578.3,579.14 2 0
github.com/sonichigo/gitstats/handlers/utils.go:579.14,586.4 2 0
github.com/sonichigo/gitstats/handlers/utils.go:588.3,589.60 2 0
github.com/sonichigo/gitstats/handlers/utils.go:589.60,591.4 1 0
github.com/sonichigo/gitstats/handlers/utils.go:595.123,597.41 2 0
github.com/sonichigo/gitstats/handlers/utils.go:597.41,599.3 1 0
github.com/sonichigo/gitstats/handlers/utils.go:601.2,601.53 1 0
github.com/sonichigo/gitstats/handlers/utils.go:601.53,602.81 1 0
github.com/sonichigo/gitstats/handlers/utils.go:602.81,604.4 1 0
github.com/sonichigo/gitstats/handlers/utils.go:605.3,605.83 1 0
github.com/sonichigo/gitstats/handlers/utils.go:608.2,609.16 2 0
github.com/sonichigo/gitstats/handlers/utils.go:609.16,611.3 1 0
github.com/sonichigo/gitstats/handlers/utils.go:613.2,617.3 1 0
github.com/sonichigo/gitstats/handlers/utils.go:620.86,623.2 2 0
github.com/sonichigo/gitstats/handlers/utils.go:625.94,632.16 5 0
github.com/sonichigo/gitstats/handlers/utils.go:632.16,634.3 1 0
github.com/sonichigo/gitstats/handlers/utils.go:635.2,637.16 3 0
github.com/sonichigo/gitstats/handlers/utils.go:637.16,639.3 1 0
github.com/sonichigo/gitstats/handlers/utils.go:640.2,645.73 3 0
github.com/sonichigo/gitstats/handlers/utils.go:645.73,647.3 1 0
github.com/sonichigo/gitstats/handlers/utils.go:650.2,652.21 3 0
github.com/sonichigo/gitstats/handlers/utils.go:652.21,654.3 1 0
github.com/sonichigo/gitstats/handlers/utils.go:657.2,661.16 3 0
github.com/sonichigo/gitstats/handlers/utils.go:661.16,663.3 1 0
github.com/sonichigo/gitstats/handlers/utils.go:665.2,669.16 4 0
github.com/sonichigo/gitstats/handlers/utils.go:669.16,671.3 1 0
github.com/sonichigo/gitstats/handlers/utils.go:672.2,674.38 2 0
github.com/sonichigo/gitstats/handlers/utils.go:674.38,676.3 1 0
github.com/sonichigo/gitstats/handlers/utils.go:678.2,679.74 2 0
github.com/sonichigo/gitstats/handlers/utils.go:679.74,681.3 1 0
github.com/sonichigo/gitstats/handlers/utils.go:684.2,685.35 2 0
github.com/sonichigo/gitstats/handlers/utils.go:685.35,687.17 2 0
github.com/sonichigo/gitstats/handlers/utils.go:687.17,689.12 2 0
github.com/sonichigo/gitstats/handlers/utils.go:692.3,699.5 1 0
github.com/sonichigo/gitstats/handlers/utils.go:703.2,703.45 1 0
github.com/sonichigo/gitstats/handlers/utils.go:703.45,705.3 1 0
github.com/sonichigo/gitstats/handlers/utils.go:708.2,709.59 2 0
github.com/sonichigo/gitstats/handlers/utils.go:712.65,717.16 4 0
github.com/sonichigo/gitstats/handlers/utils.go:717.16,719.3 1 0
github.com/sonichigo/gitstats/handlers/utils.go:721.2,724.16 3 0
github.com/sonichigo/gitstats/handlers/utils.go:724.16,726.3 1 0
github.com/sonichigo/gitstats/handlers/utils.go:727.2,729.38 2 0
github.com/sonichigo/gitstats/handlers/utils.go:729.38,731.3 1 0
github.com/sonichigo/gitstats/handlers/utils.go:733.2,734.65 2 0
github.com/sonichigo/gitstats/handlers/utils.go:734.65,736.3 1 0
github.com/sonichigo/gitstats/handlers/utils.go:738.2,738.19 1 0
